<?xml version="1.0" encoding="UTF-8"?>
<testng-results ignored="0" total="1" passed="1" failed="0" skipped="0">
  <reporter-output>
  </reporter-output>
  <suite started-at="2024-11-24T19:12:00 IST" name="Default suite" finished-at="2024-11-24T19:12:00 IST" duration-ms="52">
    <groups>
    </groups>
    <test started-at="2024-11-24T19:12:00 IST" name="Default test" finished-at="2024-11-24T19:12:00 IST" duration-ms="52">
      <class name="DSA.Practice.ContainsDuplicateII_219">
        <test-method signature="testContainsDuplicatesII()[pri:0, instance:DSA.Practice.ContainsDuplicateII_219@6356695f]" started-at="2024-11-24T19:12:00 IST" name="testContainsDuplicatesII" finished-at="2024-11-24T19:12:00 IST" duration-ms="10" status="PASS">
          <reporter-output>
          </reporter-output>
        </test-method> <!-- testContainsDuplicatesII -->
      </class> <!-- DSA.Practice.ContainsDuplicateII_219 -->
    </test> <!-- Default test -->
  </suite> <!-- Default suite -->
</testng-results>
